<?xml version="1.0" encoding="UTF-8"?>
<!-- Generated by org.testng.reporters.JUnitXMLReporter -->
<testsuite hostname="ThankYouKrishna" ignored="0" name="POM Test" tests="5" failures="0" timestamp="2020-04-11T15:07:02 BST" time="42.886" errors="0">
  <testcase name="verifyHomePageTitleTest" time="0.032" classname="com.orange.qa.testcases.HomePageTest"/>
  <testcase name="verifyRecruitmentLinkTest" time="2.964" classname="com.orange.qa.testcases.HomePageTest"/>
  <testcase name="loginPageTitleTest" time="0.022" classname="com.orange.qa.testcases.LoginPageTest"/>
  <testcase name="forgotPasswordLinkTest" time="0.151" classname="com.orange.qa.testcases.LoginPageTest"/>
  <testcase name="loginTest" time="2.356" classname="com.orange.qa.testcases.LoginPageTest"/>
</testsuite> <!-- POM Test -->
