<?xml version="1.0" encoding="UTF-8"?>
<!-- Generated by org.testng.reporters.JUnitXMLReporter -->
<testsuite hostname="ThankYouKrishna" ignored="0" name="Default test" tests="3" failures="0" timestamp="2020-04-11T15:04:30 BST" time="25.813" errors="0">
  <testcase name="loginPageTitleTest" time="0.052" classname="com.orange.qa.testcases.LoginPageTest"/>
  <testcase name="forgotPasswordLinkTest" time="0.197" classname="com.orange.qa.testcases.LoginPageTest"/>
  <testcase name="loginTest" time="2.13" classname="com.orange.qa.testcases.LoginPageTest"/>
</testsuite> <!-- Default test -->
